<?xml version="1.0" encoding="UTF-8"?>
<testsuite xmlns:xsi="http://www.w3.org/2001/XMLSchema-instance" xsi:noNamespaceSchemaLocation="https://maven.apache.org/surefire/maven-surefire-plugin/xsd/surefire-test-report.xsd" name="com.comparecarros.ResourceTest" time="21.84" tests="8" errors="0" skipped="0" failures="0">
  <properties>
[...]
</properties>
  <testcase name="testFavoritosAndCrude" classname="com.comparecarros.ResourceTest" time="4.751"/>
  <testcase name="testGetValor" classname="com.comparecarros.ResourceTest" time="0.343"/>
  <testcase name="testReadinessHealthCHeck" classname="com.comparecarros.ResourceTest" time="0.161"/>
  <testcase name="testListaVeiculoFavorito" classname="com.comparecarros.ResourceTest" time="0.05"/>
  <testcase name="testGetMarcas" classname="com.comparecarros.ResourceTest" time="0.166"/>
  <testcase name="testGetModelo" classname="com.comparecarros.ResourceTest" time="0.055"/>
  <testcase name="testGetAno" classname="com.comparecarros.ResourceTest" time="0.059"/>
  <testcase name="testLivenessHealthCHeck" classname="com.comparecarros.ResourceTest" time="0.041"/>
</testsuite>